<?xml version="1.0" encoding="UTF-8"?><testsuite errors="0" failures="1" name="org.example.features.search.SearchByKeywordStory" skipped="1" tests="5" time="25.17" timestamp="2021-04-20 07:00:37"><testcase classname="org.example.features.search.SearchByKeywordStory" name="Searching by keyword nascar should display the corresponding article"><failure message="&#10;Expected: a collection containing a string containing &quot;(sports) Acronym of National Association for Stock Car Auto Racing, a U.S. auto racing organization. quotations â–¼\&quot;, was \&quot;&quot;&#10;     but: was &quot;(sports) Acronym of National Association for Stock Car Auto Racing, a U.S. auto racing organization. quotations ▼&quot;, was &quot;&quot;" type="java.lang.AssertionError">
Expected: a collection containing a string containing "(sports) Acronym of National Association for Stock Car Auto Racing, a U.S. auto racing organization. quotations â–¼\", was \""
     but: was "(sports) Acronym of National Association for Stock Car Auto Racing, a U.S. auto racing organization. quotations ▼", was ""</failure><system-err>
Expected: a collection containing a string containing "(sports) Acronym of National Association for Stock Car Auto Racing, a U.S. auto racing organization. quotations â–¼\", was \""
     but: was "(sports) Acronym of National Association for Stock Car Auto Racing, a U.S. auto racing organization. quotations ▼", was ""&#13;
org.example.steps.serenity.EndUserSteps.should_see_definition(EndUserSteps.java:27)&#13;
org.example.features.search.SearchByKeywordStory.searching_by_keyword_nascar_should_display_the_corresponding_article(SearchByKeywordStory.java:55)&#13;
</system-err></testcase><testcase classname="org.example.features.search.SearchByKeywordStory" name="Searching by keyword banana should display the corresponding article"/><testcase classname="org.example.features.search.SearchByKeywordStory" name="Searching by ambiguious keyword should display the disambiguation page"><skipped/></testcase><testcase classname="org.example.features.search.SearchByKeywordStory" name="Searching by keyword liger should display the corresponding article"/><testcase classname="org.example.features.search.SearchByKeywordStory" name="Searching by keyword apple should display the corresponding article"/></testsuite>